<?xml version="1.0" encoding="UTF-8"?>
<!-- Generated by org.testng.reporters.JUnitReportReporter -->
<testsuite hostname="DESKTOP-DHJEVHR" failures="0" tests="4" name="org.BankingTest.TC001Login" time="91.833" errors="0" timestamp="2023-03-08T17:47:33 IST" skipped="0">
  <testcase classname="org.BankingTest.TC001Login" name="LoginTest" time="22.671"/>
  <system-out/>
  <testcase classname="org.BankingTest.TC001Login" name="LoginTest" time="23.321"/>
  <system-out/>
  <testcase classname="org.BankingTest.TC001Login" name="LoginTest" time="24.709"/>
  <system-out/>
  <testcase classname="org.BankingTest.TC001Login" name="LoginTest" time="21.132"/>
  <system-out/>
</testsuite> <!-- org.BankingTest.TC001Login -->
